ASxxxx Assembler V02.00 + NoICE + SDCC mods  (Intel 8051), page 1.
Hexadecimal [24-Bits]



                                      1 ; Copyright (C) 2009 Ubixum, Inc. 
                                      2 ;
                                      3 ; This library is free software; you can redistribute it and/or
                                      4 ; modify it under the terms of the GNU Lesser General Public
                                      5 ; License as published by the Free Software Foundation; either
                                      6 ; version 2.1 of the License, or (at your option) any later version.
                                      7 ; 
                                      8 ; This library is distributed in the hope that it will be useful,
                                      9 ; but WITHOUT ANY WARRANTY; without even the implied warranty of
                                     10 ; MERCHANTABILITY or FITNESS FOR A PARTICULAR PURPOSE.  See the GNU
                                     11 ; Lesser General Public License for more details.
                                     12 ; 
                                     13 ; You should have received a copy of the GNU Lesser General Public
                                     14 ; License along with this library; if not, write to the Free Software
                                     15 ; Foundation, Inc., 51 Franklin Street, Fifth Floor, Boston, MA  02110-1301  USA
                                     16 
                                     17 ; this is a the default 
                                     18 ; full speed and high speed 
                                     19 ; descriptors found in the TRM
                                     20 ; change however you want but leave 
                                     21 ; the descriptor pointers so the setupdat.c file works right
                                     22  
                                     23 
                                     24 .module DEV_DSCR 
                                     25 
                                     26 ; descriptor types
                                     27 ; same as setupdat.h
                           000001    28 DSCR_DEVICE_TYPE=1
                           000002    29 DSCR_CONFIG_TYPE=2
                           000003    30 DSCR_STRING_TYPE=3
                           000004    31 DSCR_INTERFACE_TYPE=4
                           000005    32 DSCR_ENDPOINT_TYPE=5
                           000006    33 DSCR_DEVQUAL_TYPE=6
                                     34 
                                     35 ; for the repeating interfaces
                           000009    36 DSCR_INTERFACE_LEN=9
                           000007    37 DSCR_ENDPOINT_LEN=7
                                     38 
                                     39 ; endpoint types
                           000000    40 ENDPOINT_TYPE_CONTROL=0
                           000001    41 ENDPOINT_TYPE_ISO=1
                           000002    42 ENDPOINT_TYPE_BULK=2
                           000003    43 ENDPOINT_TYPE_INT=3
                                     44 
                                     45     .globl	_dev_dscr, _dev_qual_dscr, _highspd_dscr, _fullspd_dscr, _dev_strings, _dev_strings_end
                                     46 ; These need to be in code memory.  If
                                     47 ; they aren't you'll have to manully copy them somewhere
                                     48 ; in code memory otherwise SUDPTRH:L don't work right
                                     49     .area  DSCR_AREA	(CODE)
                                     50 
      000000                         51 _dev_dscr:
      000000 12                      52 	.db	dev_dscr_end-_dev_dscr    ; len
      000001 01                      53 	.db	DSCR_DEVICE_TYPE		  ; type
      000002 00 02                   54 	.dw	0x0002					  ; usb 2.0
      000004 FF                      55 	.db	0xff  					  ; class (vendor specific)
ASxxxx Assembler V02.00 + NoICE + SDCC mods  (Intel 8051), page 2.
Hexadecimal [24-Bits]



      000005 FF                      56 	.db	0xff					  ; subclass (vendor specific)
      000006 FF                      57 	.db	0xff					  ; protocol (vendor specific)
      000007 40                      58 	.db	64						  ; packet size (ep0)
      000008 B4 04                   59 	.dw	0xb404			      ; vendor id 
      00000A 83 00                   60 	.dw	0x8300					  ; product id
      00000C 01 00                   61 	.dw	0x0100					  ; version id
      00000E 00                      62 	.db	0		                  ; manufacturure str idx				
      00000F 01                      63 	.db	1				          ; product str idx	
      000010 00                      64 	.db	0				          ; serial str idx 
      000011 01                      65 	.db	1			              ; n configurations
      000012                         66 dev_dscr_end:
                                     67 
      000012                         68 _dev_qual_dscr:
      000012 0A                      69 	.db	dev_qualdscr_end-_dev_qual_dscr
      000013 06                      70 	.db	DSCR_DEVQUAL_TYPE
      000014 00 02                   71 	.dw	0x0002                              ; usb 2.0
      000016 FF                      72 	.db	0xff
      000017 FF                      73 	.db	0xff
      000018 FF                      74 	.db	0xff
      000019 40                      75 	.db	64                                  ; max packet
      00001A 01                      76 	.db	1									; n configs
      00001B 00                      77 	.db	0									; extra reserved byte
      00001C                         78 dev_qualdscr_end:
                                     79 
      00001C                         80 _highspd_dscr:
      00001C 09                      81 	.db	highspd_dscr_end-_highspd_dscr      ; dscr len											;; Descriptor length
      00001D 02                      82 	.db	DSCR_CONFIG_TYPE
                                     83     ; can't use .dw because byte order is different
      00001E 3C                      84 	.db	(highspd_dscr_realend-_highspd_dscr) % 256 ; total length of config lsb
      00001F 00                      85 	.db	(highspd_dscr_realend-_highspd_dscr) / 256 ; total length of config msb
      000020 01                      86 	.db	1								 ; n interfaces
      000021 01                      87 	.db	1								 ; config number
      000022 00                      88 	.db	0								 ; config string
      000023 80                      89 	.db	0x80                             ; attrs = bus powered, no wakeup
      000024 32                      90 	.db	0x32                             ; max power = 100ma
      000025                         91 highspd_dscr_end:
                                     92 
                                     93 ; all the interfaces next 
                                     94 ; NOTE the default TRM actually has more alt interfaces
                                     95 ; but you can add them back in if you need them.
                                     96 ; here, we just use the default alt setting 1 from the trm
      000025 09                      97 	.db	DSCR_INTERFACE_LEN
      000026 04                      98 	.db	DSCR_INTERFACE_TYPE
      000027 00                      99 	.db	0				 ; index
      000028 00                     100 	.db	0				 ; alt setting idx
      000029 06                     101 	.db	6				 ; n endpoints	
      00002A FF                     102 	.db	0xff			 ; class
      00002B FF                     103 	.db	0xff
      00002C FF                     104 	.db	0xff
      00002D 00                     105 	.db	0	             ; string index	
                                    106 
                                    107 ; endpoint 1 out
      00002E 07                     108 	.db	DSCR_ENDPOINT_LEN
      00002F 05                     109 	.db	DSCR_ENDPOINT_TYPE
      000030 01                     110 	.db	0x01				;  ep1 dir=out and address
ASxxxx Assembler V02.00 + NoICE + SDCC mods  (Intel 8051), page 3.
Hexadecimal [24-Bits]



      000031 02                     111 	.db	ENDPOINT_TYPE_BULK	; type
      000032 00                     112 	.db	0x00				; max packet LSB
      000033 02                     113 	.db	0x02				; max packet size=512 bytes
      000034 00                     114 	.db	0x00				; polling interval
                                    115       
                                    116 ; endpoint 1 in 
      000035 07                     117 	.db	DSCR_ENDPOINT_LEN
      000036 05                     118 	.db	DSCR_ENDPOINT_TYPE
      000037 81                     119 	.db	0x81				;  ep1 dir=in and address
      000038 02                     120 	.db	ENDPOINT_TYPE_BULK	; type
      000039 00                     121 	.db	0x00				; max packet LSB
      00003A 02                     122 	.db	0x02				; max packet size=512 bytes
      00003B 00                     123 	.db	0x00				; polling interval
                                    124 
                                    125 ; endpoint 2 out
      00003C 07                     126 	.db	DSCR_ENDPOINT_LEN
      00003D 05                     127 	.db	DSCR_ENDPOINT_TYPE
      00003E 02                     128 	.db	0x02				;  ep2 dir=OUT and address
      00003F 02                     129 	.db	ENDPOINT_TYPE_BULK	; type
      000040 00                     130 	.db	0x00				; max packet LSB
      000041 02                     131 	.db	0x02				; max packet size=512 bytes
      000042 00                     132 	.db	0x00				; polling interval
                                    133 
                                    134 ; endpoint 4 out
      000043 07                     135 	.db	DSCR_ENDPOINT_LEN
      000044 05                     136 	.db	DSCR_ENDPOINT_TYPE
      000045 04                     137 	.db	0x04				;  ep4 dir=OUT and address
      000046 02                     138 	.db	ENDPOINT_TYPE_BULK	; type
      000047 00                     139 	.db	0x00				; max packet LSB
      000048 02                     140 	.db	0x02				; max packet size=512 bytes
      000049 00                     141 	.db	0x00				; polling interval
                                    142 
                                    143 ; endpoint 6 in
      00004A 07                     144 	.db	DSCR_ENDPOINT_LEN
      00004B 05                     145 	.db	DSCR_ENDPOINT_TYPE
      00004C 86                     146 	.db	0x86				;  ep6 dir=in and address
      00004D 02                     147 	.db	ENDPOINT_TYPE_BULK	; type
      00004E 00                     148 	.db	0x00				; max packet LSB
      00004F 02                     149 	.db	0x02				; max packet size=512 bytes
      000050 00                     150 	.db	0x00				; polling interval
                                    151 
                                    152 ; endpoint 8 in
      000051 07                     153 	.db	DSCR_ENDPOINT_LEN
      000052 05                     154 	.db	DSCR_ENDPOINT_TYPE
      000053 88                     155 	.db	0x88				;  ep8 dir=in and address
      000054 02                     156 	.db	ENDPOINT_TYPE_BULK	; type
      000055 00                     157 	.db	0x00				; max packet LSB
      000056 02                     158 	.db	0x02				; max packet size=512 bytes
      000057 00                     159 	.db	0x00				; polling interval
      000058                        160 highspd_dscr_realend:
                                    161 
      000058                        162     .even
      000058                        163 _fullspd_dscr:
      000058 09                     164 	.db	fullspd_dscr_end-_fullspd_dscr      ; dscr len
      000059 02                     165 	.db	DSCR_CONFIG_TYPE
ASxxxx Assembler V02.00 + NoICE + SDCC mods  (Intel 8051), page 4.
Hexadecimal [24-Bits]



                                    166     ; can't use .dw because byte order is different
      00005A 3C                     167 	.db	(fullspd_dscr_realend-_fullspd_dscr) % 256 ; total length of config lsb
      00005B 00                     168 	.db	(fullspd_dscr_realend-_fullspd_dscr) / 256 ; total length of config msb
      00005C 01                     169 	.db	1								 ; n interfaces
      00005D 01                     170 	.db	1								 ; config number
      00005E 00                     171 	.db	0								 ; config string
      00005F 80                     172 	.db	0x80                             ; attrs = bus powered, no wakeup
      000060 32                     173 	.db	0x32                             ; max power = 100ma
      000061                        174 fullspd_dscr_end:
                                    175 
                                    176 ; all the interfaces next 
                                    177 ; NOTE the default TRM actually has more alt interfaces
                                    178 ; but you can add them back in if you need them.
                                    179 ; here, we just use the default alt setting 1 from the trm
      000061 09                     180 	.db	DSCR_INTERFACE_LEN
      000062 04                     181 	.db	DSCR_INTERFACE_TYPE
      000063 00                     182 	.db	0				 ; index
      000064 00                     183 	.db	0				 ; alt setting idx
      000065 06                     184 	.db	6				 ; n endpoints	
      000066 FF                     185 	.db	0xff			 ; class
      000067 FF                     186 	.db	0xff
      000068 FF                     187 	.db	0xff
      000069 00                     188 	.db	0	             ; string index	
                                    189 
                                    190 ; endpoint 1 out
      00006A 07                     191 	.db	DSCR_ENDPOINT_LEN
      00006B 05                     192 	.db	DSCR_ENDPOINT_TYPE
      00006C 01                     193 	.db	0x01				;  ep1 dir=out and address
      00006D 02                     194 	.db	ENDPOINT_TYPE_BULK	; type
      00006E 40                     195 	.db	0x40				; max packet LSB
      00006F 00                     196 	.db	0x00				; max packet size=64 bytes
      000070 00                     197 	.db	0x00				; polling interval
                                    198       
                                    199 ; endpoint 1 in 
      000071 07                     200 	.db	DSCR_ENDPOINT_LEN
      000072 05                     201 	.db	DSCR_ENDPOINT_TYPE
      000073 81                     202 	.db	0x81				;  ep1 dir=in and address
      000074 02                     203 	.db	ENDPOINT_TYPE_BULK	; type
      000075 40                     204 	.db	0x40				; max packet LSB
      000076 00                     205 	.db	0x00				; max packet size=64 bytes
      000077 00                     206 	.db	0x00				; polling interval
                                    207 
                                    208 ; endpoint 2 out
      000078 07                     209 	.db	DSCR_ENDPOINT_LEN
      000079 05                     210 	.db	DSCR_ENDPOINT_TYPE
      00007A 02                     211 	.db	0x02				;  ep2 dir=OUT and address
      00007B 02                     212 	.db	ENDPOINT_TYPE_BULK	; type
      00007C 40                     213 	.db	0x40				; max packet LSB
      00007D 00                     214 	.db	0x00				; max packet size=64 bytes
      00007E 00                     215 	.db	0x00				; polling interval
                                    216 
                                    217 ; endpoint 4 out
      00007F 07                     218 	.db	DSCR_ENDPOINT_LEN
      000080 05                     219 	.db	DSCR_ENDPOINT_TYPE
      000081 04                     220 	.db	0x04				;  ep4 dir=OUT and address
ASxxxx Assembler V02.00 + NoICE + SDCC mods  (Intel 8051), page 5.
Hexadecimal [24-Bits]



      000082 02                     221 	.db	ENDPOINT_TYPE_BULK	; type
      000083 40                     222 	.db	0x40				; max packet LSB
      000084 00                     223 	.db	0x00				; max packet size=64 bytes
      000085 00                     224 	.db	0x00				; polling interval
                                    225 
                                    226 ; endpoint 6 in
      000086 07                     227 	.db	DSCR_ENDPOINT_LEN
      000087 05                     228 	.db	DSCR_ENDPOINT_TYPE
      000088 86                     229 	.db	0x86				;  ep6 dir=in and address
      000089 02                     230 	.db	ENDPOINT_TYPE_BULK	; type
      00008A 40                     231 	.db	0x40				; max packet LSB
      00008B 00                     232 	.db	0x00				; max packet size=64 bytes
      00008C 00                     233 	.db	0x00				; polling interval
                                    234 ; endpoint 6 in
      00008D 07                     235 	.db	DSCR_ENDPOINT_LEN
      00008E 05                     236 	.db	DSCR_ENDPOINT_TYPE
      00008F 88                     237 	.db	0x88				;  ep6 dir=in and address
      000090 02                     238 	.db	ENDPOINT_TYPE_BULK	; type
      000091 40                     239 	.db	0x40				; max packet LSB
      000092 00                     240 	.db	0x00				; max packet size=64 bytes
      000093 00                     241 	.db	0x00				; polling interval
      000094                        242 fullspd_dscr_realend:
                                    243 
      000094                        244     .even
      000094                        245 _dev_strings:
                                    246 ; sample string
      000094                        247 _string0:
      000094 04                     248 	.db	string0end-_string0 ; len
      000095 03                     249 	.db	DSCR_STRING_TYPE
      000096 09 04                  250     .db 0x09, 0x04 ; 0x0409 is the language code for English.  Possible to add more codes after this. 
      000098                        251 string0end:
                                    252 ; add more strings here
                                    253 
      000098                        254 string1:
      000098 12                     255     .db string1end-string1
      000099 03                     256     .db DSCR_STRING_TYPE
      00009A 55                     257     .ascii 'U'
      00009B 00                     258     .db 0
      00009C 73                     259     .ascii 's'
      00009D 00                     260     .db 0
      00009E 62                     261     .ascii 'b'
      00009F 00                     262     .db 0
      0000A0 20                     263     .ascii ' '
      0000A1 00                     264     .db 0
      0000A2 54                     265     .ascii 'T'
      0000A3 00                     266     .db 0
      0000A4 65                     267     .ascii 'e'
      0000A5 00                     268     .db 0
      0000A6 72                     269     .ascii 'r'
      0000A7 00                     270     .db 0
      0000A8 6D                     271     .ascii 'm'
      0000A9 00                     272     .db 0
      0000AA                        273 string1end:
                                    274 
      0000AA                        275 _dev_strings_end:
ASxxxx Assembler V02.00 + NoICE + SDCC mods  (Intel 8051), page 6.
Hexadecimal [24-Bits]



      0000AA 00 00                  276     .dw 0x0000
                                    277 ; in case you wanted to look at memory between _dev_strings and _dev_strings_end
